<?xml version="1.0" encoding="UTF-8" standalone="yes"?><!DOCTYPE report PUBLIC "-//JACOCO//DTD Report 1.0//EN" "report.dtd"><report name="my-app"><sessioninfo id="4FGFS8121-ff566ae5" start="1498138188965" dump="1498138192265"/><sessioninfo id="4FGFS8121-6e823f66" start="1498207611991" dump="1498207614400"/><sessioninfo id="4FGFS8121-278d0d45" start="1498207674701" dump="1498207677049"/><sessioninfo id="4FGFS8121-eecda171" start="1498207803572" dump="1498207805809"/><sessioninfo id="4FGFS8121-74aa8870" start="1498207936156" dump="1498207938496"/><sessioninfo id="4FGFS8121-628f936d" start="1498208162270" dump="1498208164563"/><sessioninfo id="4FGFS8121-868b8642" start="1498480688046" dump="1498480689955"/><sessioninfo id="4FGFS8121-fc4d468b" start="1498481535449" dump="1498481537739"/><sessioninfo id="4FGFS8121-24e44019" start="1498481710054" dump="1498481711744"/><sessioninfo id="4FGFS8121-e8cc19a5" start="1498481735634" dump="1498481737493"/><sessioninfo id="4FGFS8121-baef59aa" start="1498481963167" dump="1498481965117"/><sessioninfo id="4FGFS8121-970f3b6b" start="1498481982569" dump="1498481985037"/><package name=""><class name="B"><method name="&lt;init&gt;" desc="()V" line="1"><counter type="INSTRUCTION" missed="3" covered="0"/><counter type="LINE" missed="1" covered="0"/><counter type="COMPLEXITY" missed="1" covered="0"/><counter type="METHOD" missed="1" covered="0"/></method><method name="create" desc="(LB1;)I" line="5"><counter type="INSTRUCTION" missed="14" covered="0"/><counter type="BRANCH" missed="2" covered="0"/><counter type="LINE" missed="6" covered="0"/><counter type="COMPLEXITY" missed="2" covered="0"/><counter type="METHOD" missed="1" covered="0"/></method><method name="delete" desc="(LB1;)I" line="16"><counter type="INSTRUCTION" missed="9" covered="0"/><counter type="BRANCH" missed="2" covered="0"/><counter type="LINE" missed="4" covered="0"/><counter type="COMPLEXITY" missed="2" covered="0"/><counter type="METHOD" missed="1" covered="0"/></method><counter type="INSTRUCTION" missed="26" covered="0"/><counter type="BRANCH" missed="4" covered="0"/><counter type="LINE" missed="11" covered="0"/><counter type="COMPLEXITY" missed="5" covered="0"/><counter type="METHOD" missed="3" covered="0"/><counter type="CLASS" missed="1" covered="0"/></class><class name="Book"><method name="&lt;init&gt;" desc="(ILjava/lang/String;Ljava/lang/String;Ljava/lang/String;I)V" line="7"><counter type="INSTRUCTION" missed="18" covered="0"/><counter type="LINE" missed="7" covered="0"/><counter type="COMPLEXITY" missed="1" covered="0"/><counter type="METHOD" missed="1" covered="0"/></method><method name="toString" desc="()Ljava/lang/String;" line="16"><counter type="INSTRUCTION" missed="28" covered="0"/><counter type="LINE" missed="1" covered="0"/><counter type="COMPLEXITY" missed="1" covered="0"/><counter type="METHOD" missed="1" covered="0"/></method><method name="getNumberofbooks" desc="()Ljava/util/List;" line="22"><counter type="INSTRUCTION" missed="39" covered="0"/><counter type="LINE" missed="5" covered="0"/><counter type="COMPLEXITY" missed="1" covered="0"/><counter type="METHOD" missed="1" covered="0"/></method><counter type="INSTRUCTION" missed="85" covered="0"/><counter type="LINE" missed="13" covered="0"/><counter type="COMPLEXITY" missed="3" covered="0"/><counter type="METHOD" missed="3" covered="0"/><counter type="CLASS" missed="1" covered="0"/></class><class name="B1"><method name="&lt;init&gt;" desc="()V" line="1"><counter type="INSTRUCTION" missed="3" covered="0"/><counter type="LINE" missed="1" covered="0"/><counter type="COMPLEXITY" missed="1" covered="0"/><counter type="METHOD" missed="1" covered="0"/></method><method name="B1" desc="(ILjava/lang/String;)V" line="7"><counter type="INSTRUCTION" missed="7" covered="0"/><counter type="LINE" missed="3" covered="0"/><counter type="COMPLEXITY" missed="1" covered="0"/><counter type="METHOD" missed="1" covered="0"/></method><method name="getId" desc="()I" line="12"><counter type="INSTRUCTION" missed="3" covered="0"/><counter type="LINE" missed="1" covered="0"/><counter type="COMPLEXITY" missed="1" covered="0"/><counter type="METHOD" missed="1" covered="0"/></method><method name="setId" desc="(I)V" line="16"><counter type="INSTRUCTION" missed="4" covered="0"/><counter type="LINE" missed="2" covered="0"/><counter type="COMPLEXITY" missed="1" covered="0"/><counter type="METHOD" missed="1" covered="0"/></method><method name="getName" desc="()Ljava/lang/String;" line="20"><counter type="INSTRUCTION" missed="3" covered="0"/><counter type="LINE" missed="1" covered="0"/><counter type="COMPLEXITY" missed="1" covered="0"/><counter type="METHOD" missed="1" covered="0"/></method><method name="setName" desc="(Ljava/lang/String;)V" line="24"><counter type="INSTRUCTION" missed="4" covered="0"/><counter type="LINE" missed="2" covered="0"/><counter type="COMPLEXITY" missed="1" covered="0"/><counter type="METHOD" missed="1" covered="0"/></method><method name="toString" desc="()Ljava/lang/String;" line="28"><counter type="INSTRUCTION" missed="15" covered="0"/><counter type="LINE" missed="1" covered="0"/><counter type="COMPLEXITY" missed="1" covered="0"/><counter type="METHOD" missed="1" covered="0"/></method><counter type="INSTRUCTION" missed="39" covered="0"/><counter type="LINE" missed="11" covered="0"/><counter type="COMPLEXITY" missed="7" covered="0"/><counter type="METHOD" missed="7" covered="0"/><counter type="CLASS" missed="1" covered="0"/></class><sourcefile name="B.java"><line nr="1" mi="3" ci="0" mb="0" cb="0"/><line nr="5" mi="3" ci="0" mb="0" cb="0"/><line nr="6" mi="3" ci="0" mb="0" cb="0"/><line nr="7" mi="2" ci="0" mb="0" cb="0"/><line nr="8" mi="2" ci="0" mb="2" cb="0"/><line nr="10" mi="2" ci="0" mb="0" cb="0"/><line nr="12" mi="2" ci="0" mb="0" cb="0"/><line nr="16" mi="3" ci="0" mb="0" cb="0"/><line nr="17" mi="2" ci="0" mb="2" cb="0"/><line nr="19" mi="2" ci="0" mb="0" cb="0"/><line nr="21" mi="2" ci="0" mb="0" cb="0"/><counter type="INSTRUCTION" missed="26" covered="0"/><counter type="BRANCH" missed="4" covered="0"/><counter type="LINE" missed="11" covered="0"/><counter type="COMPLEXITY" missed="5" covered="0"/><counter type="METHOD" missed="3" covered="0"/><counter type="CLASS" missed="1" covered="0"/></sourcefile><sourcefile name="B1.java"><line nr="1" mi="3" ci="0" mb="0" cb="0"/><line nr="7" mi="3" ci="0" mb="0" cb="0"/><line nr="8" mi="3" ci="0" mb="0" cb="0"/><line nr="9" mi="1" ci="0" mb="0" cb="0"/><line nr="12" mi="3" ci="0" mb="0" cb="0"/><line nr="16" mi="3" ci="0" mb="0" cb="0"/><line nr="17" mi="1" ci="0" mb="0" cb="0"/><line nr="20" mi="3" ci="0" mb="0" cb="0"/><line nr="24" mi="3" ci="0" mb="0" cb="0"/><line nr="25" mi="1" ci="0" mb="0" cb="0"/><line nr="28" mi="15" ci="0" mb="0" cb="0"/><counter type="INSTRUCTION" missed="39" covered="0"/><counter type="LINE" missed="11" covered="0"/><counter type="COMPLEXITY" missed="7" covered="0"/><counter type="METHOD" missed="7" covered="0"/><counter type="CLASS" missed="1" covered="0"/></sourcefile><sourcefile name="Book.java"><line nr="7" mi="2" ci="0" mb="0" cb="0"/><line nr="8" mi="3" ci="0" mb="0" cb="0"/><line nr="9" mi="3" ci="0" mb="0" cb="0"/><line nr="10" mi="3" ci="0" mb="0" cb="0"/><line nr="11" mi="3" ci="0" mb="0" cb="0"/><line nr="12" mi="3" ci="0" mb="0" cb="0"/><line nr="13" mi="1" ci="0" mb="0" cb="0"/><line nr="16" mi="28" ci="0" mb="0" cb="0"/><line nr="22" mi="4" ci="0" mb="0" cb="0"/><line nr="23" mi="11" ci="0" mb="0" cb="0"/><line nr="24" mi="11" ci="0" mb="0" cb="0"/><line nr="25" mi="11" ci="0" mb="0" cb="0"/><line nr="26" mi="2" ci="0" mb="0" cb="0"/><counter type="INSTRUCTION" missed="85" covered="0"/><counter type="LINE" missed="13" covered="0"/><counter type="COMPLEXITY" missed="3" covered="0"/><counter type="METHOD" missed="3" covered="0"/><counter type="CLASS" missed="1" covered="0"/></sourcefile><counter type="INSTRUCTION" missed="150" covered="0"/><counter type="BRANCH" missed="4" covered="0"/><counter type="LINE" missed="35" covered="0"/><counter type="COMPLEXITY" missed="15" covered="0"/><counter type="METHOD" missed="13" covered="0"/><counter type="CLASS" missed="3" covered="0"/></package><package name="com/mycompany/app"><class name="com/mycompany/app/Cal"><method name="&lt;init&gt;" desc="()V" line="2"><counter type="INSTRUCTION" missed="0" covered="3"/><counter type="LINE" missed="0" covered="1"/><counter type="COMPLEXITY" missed="0" covered="1"/><counter type="METHOD" missed="0" covered="1"/></method><method name="sum" desc="(II)I" line="6"><counter type="INSTRUCTION" missed="0" covered="4"/><counter type="LINE" missed="0" covered="1"/><counter type="COMPLEXITY" missed="0" covered="1"/><counter type="METHOD" missed="0" covered="1"/></method><counter type="INSTRUCTION" missed="0" covered="7"/><counter type="LINE" missed="0" covered="2"/><counter type="COMPLEXITY" missed="0" covered="2"/><counter type="METHOD" missed="0" covered="2"/><counter type="CLASS" missed="0" covered="1"/></class><class name="com/mycompany/app/B1"><method name="&lt;init&gt;" desc="()V" line="2"><counter type="INSTRUCTION" missed="0" covered="3"/><counter type="LINE" missed="0" covered="1"/><counter type="COMPLEXITY" missed="0" covered="1"/><counter type="METHOD" missed="0" covered="1"/></method><method name="B1" desc="(ILjava/lang/String;)V" line="8"><counter type="INSTRUCTION" missed="7" covered="0"/><counter type="LINE" missed="3" covered="0"/><counter type="COMPLEXITY" missed="1" covered="0"/><counter type="METHOD" missed="1" covered="0"/></method><method name="getId" desc="()I" line="13"><counter type="INSTRUCTION" missed="0" covered="3"/><counter type="LINE" missed="0" covered="1"/><counter type="COMPLEXITY" missed="0" covered="1"/><counter type="METHOD" missed="0" covered="1"/></method><method name="setId" desc="(I)V" line="17"><counter type="INSTRUCTION" missed="0" covered="4"/><counter type="LINE" missed="0" covered="2"/><counter type="COMPLEXITY" missed="0" covered="1"/><counter type="METHOD" missed="0" covered="1"/></method><method name="getName" desc="()Ljava/lang/String;" line="21"><counter type="INSTRUCTION" missed="0" covered="3"/><counter type="LINE" missed="0" covered="1"/><counter type="COMPLEXITY" missed="0" covered="1"/><counter type="METHOD" missed="0" covered="1"/></method><method name="setName" desc="(Ljava/lang/String;)V" line="25"><counter type="INSTRUCTION" missed="0" covered="4"/><counter type="LINE" missed="0" covered="2"/><counter type="COMPLEXITY" missed="0" covered="1"/><counter type="METHOD" missed="0" covered="1"/></method><counter type="INSTRUCTION" missed="7" covered="17"/><counter type="LINE" missed="3" covered="7"/><counter type="COMPLEXITY" missed="1" covered="5"/><counter type="METHOD" missed="1" covered="5"/><counter type="CLASS" missed="0" covered="1"/></class><class name="com/mycompany/app/Book"><method name="&lt;init&gt;" desc="(ILjava/lang/String;Ljava/lang/String;Ljava/lang/String;I)V" line="8"><counter type="INSTRUCTION" missed="0" covered="18"/><counter type="LINE" missed="0" covered="7"/><counter type="COMPLEXITY" missed="0" covered="1"/><counter type="METHOD" missed="0" covered="1"/></method><method name="equals" desc="(Ljava/lang/Object;)Z" line="17"><counter type="INSTRUCTION" missed="0" covered="35"/><counter type="BRANCH" missed="5" covered="5"/><counter type="LINE" missed="0" covered="5"/><counter type="COMPLEXITY" missed="5" covered="1"/><counter type="METHOD" missed="0" covered="1"/></method><method name="toString" desc="()Ljava/lang/String;" line="30"><counter type="INSTRUCTION" missed="28" covered="0"/><counter type="LINE" missed="1" covered="0"/><counter type="COMPLEXITY" missed="1" covered="0"/><counter type="METHOD" missed="1" covered="0"/></method><method name="getNumberofbooks" desc="()Ljava/util/List;" line="36"><counter type="INSTRUCTION" missed="0" covered="39"/><counter type="LINE" missed="0" covered="5"/><counter type="COMPLEXITY" missed="0" covered="1"/><counter type="METHOD" missed="0" covered="1"/></method><counter type="INSTRUCTION" missed="28" covered="92"/><counter type="BRANCH" missed="5" covered="5"/><counter type="LINE" missed="1" covered="17"/><counter type="COMPLEXITY" missed="6" covered="3"/><counter type="METHOD" missed="1" covered="3"/><counter type="CLASS" missed="0" covered="1"/></class><class name="com/mycompany/app/B"><method name="&lt;init&gt;" desc="()V" line="2"><counter type="INSTRUCTION" missed="0" covered="3"/><counter type="LINE" missed="0" covered="1"/><counter type="COMPLEXITY" missed="0" covered="1"/><counter type="METHOD" missed="0" covered="1"/></method><method name="create" desc="(Lcom/mycompany/app/B1;)I" line="6"><counter type="INSTRUCTION" missed="0" covered="17"/><counter type="BRANCH" missed="2" covered="2"/><counter type="LINE" missed="0" covered="6"/><counter type="COMPLEXITY" missed="2" covered="1"/><counter type="METHOD" missed="0" covered="1"/></method><method name="delete" desc="(Lcom/mycompany/app/B1;)I" line="17"><counter type="INSTRUCTION" missed="0" covered="9"/><counter type="BRANCH" missed="1" covered="1"/><counter type="LINE" missed="0" covered="4"/><counter type="COMPLEXITY" missed="1" covered="1"/><counter type="METHOD" missed="0" covered="1"/></method><counter type="INSTRUCTION" missed="0" covered="29"/><counter type="BRANCH" missed="3" covered="3"/><counter type="LINE" missed="0" covered="11"/><counter type="COMPLEXITY" missed="3" covered="3"/><counter type="METHOD" missed="0" covered="3"/><counter type="CLASS" missed="0" covered="1"/></class><sourcefile name="Book.java"><line nr="8" mi="0" ci="2" mb="0" cb="0"/><line nr="9" mi="0" ci="3" mb="0" cb="0"/><line nr="10" mi="0" ci="3" mb="0" cb="0"/><line nr="11" mi="0" ci="3" mb="0" cb="0"/><line nr="12" mi="0" ci="3" mb="0" cb="0"/><line nr="13" mi="0" ci="3" mb="0" cb="0"/><line nr="14" mi="0" ci="1" mb="0" cb="0"/><line nr="17" mi="0" ci="3" mb="0" cb="0"/><line nr="18" mi="0" ci="2" mb="0" cb="0"/><line nr="19" mi="0" ci="26" mb="5" cb="5"/><line nr="24" mi="0" ci="2" mb="0" cb="0"/><line nr="26" mi="0" ci="2" mb="0" cb="0"/><line nr="30" mi="28" ci="0" mb="0" cb="0"/><line nr="36" mi="0" ci="4" mb="0" cb="0"/><line nr="37" mi="0" ci="11" mb="0" cb="0"/><line nr="38" mi="0" ci="11" mb="0" cb="0"/><line nr="39" mi="0" ci="11" mb="0" cb="0"/><line nr="40" mi="0" ci="2" mb="0" cb="0"/><counter type="INSTRUCTION" missed="28" covered="92"/><counter type="BRANCH" missed="5" covered="5"/><counter type="LINE" missed="1" covered="17"/><counter type="COMPLEXITY" missed="6" covered="3"/><counter type="METHOD" missed="1" covered="3"/><counter type="CLASS" missed="0" covered="1"/></sourcefile><sourcefile name="B.java"><line nr="2" mi="0" ci="3" mb="0" cb="0"/><line nr="6" mi="0" ci="3" mb="0" cb="0"/><line nr="7" mi="0" ci="3" mb="0" cb="0"/><line nr="8" mi="0" ci="2" mb="0" cb="0"/><line nr="9" mi="0" ci="5" mb="2" cb="2"/><line nr="11" mi="0" ci="2" mb="0" cb="0"/><line nr="13" mi="0" ci="2" mb="0" cb="0"/><line nr="17" mi="0" ci="3" mb="0" cb="0"/><line nr="18" mi="0" ci="2" mb="1" cb="1"/><line nr="20" mi="0" ci="2" mb="0" cb="0"/><line nr="22" mi="0" ci="2" mb="0" cb="0"/><counter type="INSTRUCTION" missed="0" covered="29"/><counter type="BRANCH" missed="3" covered="3"/><counter type="LINE" missed="0" covered="11"/><counter type="COMPLEXITY" missed="3" covered="3"/><counter type="METHOD" missed="0" covered="3"/><counter type="CLASS" missed="0" covered="1"/></sourcefile><sourcefile name="B1.java"><line nr="2" mi="0" ci="3" mb="0" cb="0"/><line nr="8" mi="3" ci="0" mb="0" cb="0"/><line nr="9" mi="3" ci="0" mb="0" cb="0"/><line nr="10" mi="1" ci="0" mb="0" cb="0"/><line nr="13" mi="0" ci="3" mb="0" cb="0"/><line nr="17" mi="0" ci="3" mb="0" cb="0"/><line nr="18" mi="0" ci="1" mb="0" cb="0"/><line nr="21" mi="0" ci="3" mb="0" cb="0"/><line nr="25" mi="0" ci="3" mb="0" cb="0"/><line nr="26" mi="0" ci="1" mb="0" cb="0"/><counter type="INSTRUCTION" missed="7" covered="17"/><counter type="LINE" missed="3" covered="7"/><counter type="COMPLEXITY" missed="1" covered="5"/><counter type="METHOD" missed="1" covered="5"/><counter type="CLASS" missed="0" covered="1"/></sourcefile><sourcefile name="Cal.java"><line nr="2" mi="0" ci="3" mb="0" cb="0"/><line nr="6" mi="0" ci="4" mb="0" cb="0"/><counter type="INSTRUCTION" missed="0" covered="7"/><counter type="LINE" missed="0" covered="2"/><counter type="COMPLEXITY" missed="0" covered="2"/><counter type="METHOD" missed="0" covered="2"/><counter type="CLASS" missed="0" covered="1"/></sourcefile><counter type="INSTRUCTION" missed="35" covered="145"/><counter type="BRANCH" missed="8" covered="8"/><counter type="LINE" missed="4" covered="37"/><counter type="COMPLEXITY" missed="10" covered="13"/><counter type="METHOD" missed="2" covered="13"/><counter type="CLASS" missed="0" covered="4"/></package><counter type="INSTRUCTION" missed="185" covered="145"/><counter type="BRANCH" missed="12" covered="8"/><counter type="LINE" missed="39" covered="37"/><counter type="COMPLEXITY" missed="25" covered="13"/><counter type="METHOD" missed="15" covered="13"/><counter type="CLASS" missed="3" covered="4"/></report>